<?xml version="1.0" encoding="UTF-8"?>
<!-- Generated by org.testng.reporters.JUnitXMLReporter -->
<testsuite ignored="0" hostname="LAPTOP-PSQO0K18" failures="0" tests="5" name="Default test" time="0.379" errors="0" timestamp="2019-11-15T12:08:08 COT">
  <testcase classname="co.edu.icesi.Test_NG.OrdenTest" name="actualizarOrderExitoso" time="0.04"/>
  <testcase classname="co.edu.icesi.Test_NG.OrdenTest" name="actualizarOrderFallido" time="0.006"/>
  <testcase classname="co.edu.icesi.Test_NG.OrdenTest" name="guardarOrderExitoso" time="0.009"/>
  <testcase classname="co.edu.icesi.Test_NG.OrdenTest" name="guardarOrderFallido" time="0.006"/>
  <testcase classname="co.edu.icesi.Test_NG.OrdenTest" name="ordenTest" time="0.006"/>
</testsuite> <!-- Default test -->
